<?xml version="1.0" encoding="UTF-8"?>
<!-- Generated by org.testng.reporters.JUnitXMLReporter -->
<testsuite ignored="0" hostname="sagar-Inspiron-5559" failures="0" tests="3" name="Test" time="27.837" errors="0" timestamp="2024-02-20T06:39:48 CST">
  <testcase classname="com.myorg.tests.GoogleTests" name="validateFirstGoogleSearchResult" time="4.059"/>
  <testcase classname="com.myorg.tests.BingTests" name="validateFirstBingSearchResult" time="3.71"/>
  <testcase classname="com.myorg.tests.YahooTests" name="validateFirstYahooSearchResult" time="16.924"/>
</testsuite> <!-- Test -->
